Build started 2011/8/29 21:20:33.
     1>Project "D:\visual studio 2010\Projects\Figure\Figure\Figure.vcxproj" on node 2 (build target(s)).
     1>InitializeBuildStatus:
         Creating "Debug\Figure.unsuccessfulbuild" because "AlwaysCreate" was specified.
       ClCompile:
         All outputs are up-to-date.
         d:\Program Files\Microsoft Visual Studio 10.0\VC\bin\CL.exe /c /ZI /nologo /W3 /WX- /Od /Oy- /D WIN32 /D _DEBUG /D _CONSOLE /D _UNICODE /D UNICODE /Gm /EHsc /RTC1 /MDd /GS /fp:precise /Zc:wchar_t /Zc:forScope /Yu"StdAfx.h" /Fp"Debug\Figure.pch" /Fo"Debug\\" /Fd"Debug\vc100.pdb" /Gd /TP /analyze- /errorReport:prompt Figure.cpp PointDrawer.cpp
         PointDrawer.cpp
     1>c:\program files\prime sense\nite\include\xnvnitedefs.h(27): warning C4275: non dll-interface class 'XnHash' used as base for dll-interface class 'XnVIntHash'
                 c:\program files\openni\include\xnhash.h(72) : see declaration of 'XnHash'
                 c:\program files\prime sense\nite\include\xnvnitedefs.h(27) : see declaration of 'XnVIntHash'
     1>c:\program files\prime sense\nite\include\xnvnitedefs.h(27): warning C4275: non dll-interface class 'XnHash::ConstIterator' used as base for dll-interface class 'XnVIntHash::ConstIterator'
                 c:\program files\openni\include\xnhash.h(78) : see declaration of 'XnHash::ConstIterator'
                 c:\program files\prime sense\nite\include\xnvnitedefs.h(27) : see declaration of 'XnVIntHash::ConstIterator'
     1>c:\program files\prime sense\nite\include\xnvnitedefs.h(29): warning C4275: non dll-interface class 'XnList' used as base for dll-interface class 'XnVIntList'
                 c:\program files\openni\include\xnlist.h(45) : see declaration of 'XnList'
                 c:\program files\prime sense\nite\include\xnvnitedefs.h(29) : see declaration of 'XnVIntList'
     1>c:\program files\prime sense\nite\include\xnvnitedefs.h(29): warning C4275: non dll-interface class 'XnList::ConstIterator' used as base for dll-interface class 'XnVIntList::ConstIterator'
                 c:\program files\openni\include\xnlist.h(48) : see declaration of 'XnList::ConstIterator'
                 c:\program files\prime sense\nite\include\xnvnitedefs.h(29) : see declaration of 'XnVIntList::ConstIterator'
     1>c:\program files\prime sense\nite\include\xnvmessagelistener.h(168): warning C4275: non dll-interface class 'XnThreadSafeQueue' used as base for dll-interface class 'XnVMessageListener::XnVMessageQueue'
                 c:\program files\openni\include\xnthreadsafequeue.h(40) : see declaration of 'XnThreadSafeQueue'
                 c:\program files\prime sense\nite\include\xnvmessagelistener.h(168) : see declaration of 'XnVMessageListener::XnVMessageQueue'
     1>c:\program files\prime sense\nite\include\xnvmessagelistener.h(188): warning C4251: 'XnVMessageListener::m_UpdateCBs' : class 'XnVMessageListener::XnVMessageSpecificEvent' needs to have dll-interface to be used by clients of class 'XnVMessageListener'
                 c:\program files\prime sense\nite\include\xnvmessagelistener.h(169) : see declaration of 'XnVMessageListener::XnVMessageSpecificEvent'
     1>c:\program files\prime sense\nite\include\xnvmessagelistener.h(189): warning C4251: 'XnVMessageListener::m_ActivateCBs' : class 'XnVEvent' needs to have dll-interface to be used by clients of class 'XnVMessageListener'
                 c:\program files\prime sense\nite\include\xnvnitedefs.h(31) : see declaration of 'XnVEvent'
     1>c:\program files\prime sense\nite\include\xnvmessagelistener.h(190): warning C4251: 'XnVMessageListener::m_DeactivateCBs' : class 'XnVEvent' needs to have dll-interface to be used by clients of class 'XnVMessageListener'
                 c:\program files\prime sense\nite\include\xnvnitedefs.h(31) : see declaration of 'XnVEvent'
     1>c:\program files\prime sense\nite\include\xnvpointcontrol.h(281): warning C4251: 'XnVPointControl::m_PointCreateCBs' : class 'XnVPointControl::XnVHandPointContextSpecificEvent' needs to have dll-interface to be used by clients of class 'XnVPointControl'
                 c:\program files\prime sense\nite\include\xnvpointcontrol.h(275) : see declaration of 'XnVPointControl::XnVHandPointContextSpecificEvent'
     1>c:\program files\prime sense\nite\include\xnvpointcontrol.h(282): warning C4251: 'XnVPointControl::m_PointUpdateCBs' : class 'XnVPointControl::XnVHandPointContextSpecificEvent' needs to have dll-interface to be used by clients of class 'XnVPointControl'
                 c:\program files\prime sense\nite\include\xnvpointcontrol.h(275) : see declaration of 'XnVPointControl::XnVHandPointContextSpecificEvent'
     1>c:\program files\prime sense\nite\include\xnvpointcontrol.h(283): warning C4251: 'XnVPointControl::m_PointDestroyCBs' : class 'XnVUintSpecificEvent' needs to have dll-interface to be used by clients of class 'XnVPointControl'
                 c:\program files\prime sense\nite\include\xnvnitedefs.h(34) : see declaration of 'XnVUintSpecificEvent'
     1>c:\program files\prime sense\nite\include\xnvpointcontrol.h(285): warning C4251: 'XnVPointControl::m_PrimaryPointCreateCBs' : class 'XnVPointControl::XnVHandPointContextPointSpecificEvent' needs to have dll-interface to be used by clients of class 'XnVPointControl'
                 c:\program files\prime sense\nite\include\xnvpointcontrol.h(278) : see declaration of 'XnVPointControl::XnVHandPointContextPointSpecificEvent'
     1>c:\program files\prime sense\nite\include\xnvpointcontrol.h(286): warning C4251: 'XnVPointControl::m_PrimaryPointUpdateCBs' : class 'XnVPointControl::XnVHandPointContextSpecificEvent' needs to have dll-interface to be used by clients of class 'XnVPointControl'
                 c:\program files\prime sense\nite\include\xnvpointcontrol.h(275) : see declaration of 'XnVPointControl::XnVHandPointContextSpecificEvent'
     1>c:\program files\prime sense\nite\include\xnvpointcontrol.h(287): warning C4251: 'XnVPointControl::m_PrimaryPointReplaceCBs' : class 'XnVPointControl::XnVUintHandPointContextSpecificEvent' needs to have dll-interface to be used by clients of class 'XnVPointControl'
                 c:\program files\prime sense\nite\include\xnvpointcontrol.h(279) : see declaration of 'XnVPointControl::XnVUintHandPointContextSpecificEvent'
     1>c:\program files\prime sense\nite\include\xnvpointcontrol.h(288): warning C4251: 'XnVPointControl::m_PrimaryPointDestroyCBs' : class 'XnVUintSpecificEvent' needs to have dll-interface to be used by clients of class 'XnVPointControl'
                 c:\program files\prime sense\nite\include\xnvnitedefs.h(34) : see declaration of 'XnVUintSpecificEvent'
     1>c:\program files\prime sense\nite\include\xnvpointcontrol.h(290): warning C4251: 'XnVPointControl::m_NoPointsCBs' : class 'XnVEvent' needs to have dll-interface to be used by clients of class 'XnVPointControl'
                 c:\program files\prime sense\nite\include\xnvnitedefs.h(31) : see declaration of 'XnVEvent'
     1>c:\program files\prime sense\nite\include\xnvpointcontrol.h(292): warning C4251: 'XnVPointControl::m_HandsUpdateCBs' : class 'XnVPointControl::XnVMultipleHandsSpecificEvent' needs to have dll-interface to be used by clients of class 'XnVPointControl'
                 c:\program files\prime sense\nite\include\xnvpointcontrol.h(276) : see declaration of 'XnVPointControl::XnVMultipleHandsSpecificEvent'
     1>c:\opencv2.2\include\opencv2\legacy\blobtrack.hpp(187): warning C4996: 'strcpy': This function or variable may be unsafe. Consider using strcpy_s instead. To disable deprecation, use _CRT_SECURE_NO_WARNINGS. See online help for details.
                 d:\program files\microsoft visual studio 10.0\vc\include\string.h(105) : see declaration of 'strcpy'
     1>c:\opencv2.2\include\opencv2\legacy\blobtrack.hpp(256): warning C4996: 'strcat': This function or variable may be unsafe. Consider using strcat_s instead. To disable deprecation, use _CRT_SECURE_NO_WARNINGS. See online help for details.
                 d:\program files\microsoft visual studio 10.0\vc\include\string.h(110) : see declaration of 'strcat'
     1>d:\visual studio 2010\projects\figure\figure\pointdrawer.cpp(290): warning C4996: 'sprintf': This function or variable may be unsafe. Consider using sprintf_s instead. To disable deprecation, use _CRT_SECURE_NO_WARNINGS. See online help for details.
                 d:\program files\microsoft visual studio 10.0\vc\include\stdio.h(371) : see declaration of 'sprintf'
     1>d:\visual studio 2010\projects\figure\figure\pointdrawer.cpp(395): warning C4996: 'sprintf': This function or variable may be unsafe. Consider using sprintf_s instead. To disable deprecation, use _CRT_SECURE_NO_WARNINGS. See online help for details.
                 d:\program files\microsoft visual studio 10.0\vc\include\stdio.h(371) : see declaration of 'sprintf'
     1>d:\visual studio 2010\projects\figure\figure\pointdrawer.cpp(398): warning C4996: 'sprintf': This function or variable may be unsafe. Consider using sprintf_s instead. To disable deprecation, use _CRT_SECURE_NO_WARNINGS. See online help for details.
                 d:\program files\microsoft visual studio 10.0\vc\include\stdio.h(371) : see declaration of 'sprintf'
     1>d:\visual studio 2010\projects\figure\figure\pointdrawer.cpp(400): warning C4996: 'sprintf': This function or variable may be unsafe. Consider using sprintf_s instead. To disable deprecation, use _CRT_SECURE_NO_WARNINGS. See online help for details.
                 d:\program files\microsoft visual studio 10.0\vc\include\stdio.h(371) : see declaration of 'sprintf'
         Figure.cpp
     1>c:\program files\prime sense\nite\include\xnvnitedefs.h(27): warning C4275: non dll-interface class 'XnHash' used as base for dll-interface class 'XnVIntHash'
                 c:\program files\openni\include\xnhash.h(72) : see declaration of 'XnHash'
                 c:\program files\prime sense\nite\include\xnvnitedefs.h(27) : see declaration of 'XnVIntHash'
     1>c:\program files\prime sense\nite\include\xnvnitedefs.h(27): warning C4275: non dll-interface class 'XnHash::ConstIterator' used as base for dll-interface class 'XnVIntHash::ConstIterator'
                 c:\program files\openni\include\xnhash.h(78) : see declaration of 'XnHash::ConstIterator'
                 c:\program files\prime sense\nite\include\xnvnitedefs.h(27) : see declaration of 'XnVIntHash::ConstIterator'
     1>c:\program files\prime sense\nite\include\xnvnitedefs.h(29): warning C4275: non dll-interface class 'XnList' used as base for dll-interface class 'XnVIntList'
                 c:\program files\openni\include\xnlist.h(45) : see declaration of 'XnList'
                 c:\program files\prime sense\nite\include\xnvnitedefs.h(29) : see declaration of 'XnVIntList'
     1>c:\program files\prime sense\nite\include\xnvnitedefs.h(29): warning C4275: non dll-interface class 'XnList::ConstIterator' used as base for dll-interface class 'XnVIntList::ConstIterator'
                 c:\program files\openni\include\xnlist.h(48) : see declaration of 'XnList::ConstIterator'
                 c:\program files\prime sense\nite\include\xnvnitedefs.h(29) : see declaration of 'XnVIntList::ConstIterator'
     1>c:\program files\prime sense\nite\include\xnvmessagelistener.h(168): warning C4275: non dll-interface class 'XnThreadSafeQueue' used as base for dll-interface class 'XnVMessageListener::XnVMessageQueue'
                 c:\program files\openni\include\xnthreadsafequeue.h(40) : see declaration of 'XnThreadSafeQueue'
                 c:\program files\prime sense\nite\include\xnvmessagelistener.h(168) : see declaration of 'XnVMessageListener::XnVMessageQueue'
     1>c:\program files\prime sense\nite\include\xnvmessagelistener.h(188): warning C4251: 'XnVMessageListener::m_UpdateCBs' : class 'XnVMessageListener::XnVMessageSpecificEvent' needs to have dll-interface to be used by clients of class 'XnVMessageListener'
                 c:\program files\prime sense\nite\include\xnvmessagelistener.h(169) : see declaration of 'XnVMessageListener::XnVMessageSpecificEvent'
     1>c:\program files\prime sense\nite\include\xnvmessagelistener.h(189): warning C4251: 'XnVMessageListener::m_ActivateCBs' : class 'XnVEvent' needs to have dll-interface to be used by clients of class 'XnVMessageListener'
                 c:\program files\prime sense\nite\include\xnvnitedefs.h(31) : see declaration of 'XnVEvent'
     1>c:\program files\prime sense\nite\include\xnvmessagelistener.h(190): warning C4251: 'XnVMessageListener::m_DeactivateCBs' : class 'XnVEvent' needs to have dll-interface to be used by clients of class 'XnVMessageListener'
                 c:\program files\prime sense\nite\include\xnvnitedefs.h(31) : see declaration of 'XnVEvent'
     1>c:\program files\prime sense\nite\include\xnvmessagegenerator.h(77): warning C4275: non dll-interface class 'XnHash' used as base for dll-interface class 'XnVMessageGenerator::XnVIntMessageListenerHash'
                 c:\program files\openni\include\xnhash.h(72) : see declaration of 'XnHash'
                 c:\program files\prime sense\nite\include\xnvmessagegenerator.h(77) : see declaration of 'XnVMessageGenerator::XnVIntMessageListenerHash'
     1>c:\program files\prime sense\nite\include\xnvmessagegenerator.h(77): warning C4275: non dll-interface class 'XnHash::ConstIterator' used as base for dll-interface class 'XnVMessageGenerator::XnVIntMessageListenerHash::ConstIterator'
                 c:\program files\openni\include\xnhash.h(78) : see declaration of 'XnHash::ConstIterator'
                 c:\program files\prime sense\nite\include\xnvmessagegenerator.h(77) : see declaration of 'XnVMessageGenerator::XnVIntMessageListenerHash::ConstIterator'
     1>c:\program files\prime sense\nite\include\xnvmessagegenerator.h(83): warning C4251: 'XnVMessageGenerator::m_Properties' : class 'XnStringsHash' needs to have dll-interface to be used by clients of class 'XnVMessageGenerator'
                 c:\program files\openni\include\xnstringshash.h(120) : see declaration of 'XnStringsHash'
     1>c:\program files\prime sense\nite\include\xnvgesture.h(103): warning C4251: 'XnVGesture::m_StartRecognizeCBs' : class 'XnVGesture::XnVGestureStartRecognizeSpecificEvent' needs to have dll-interface to be used by clients of class 'XnVGesture'
                 c:\program files\prime sense\nite\include\xnvgesture.h(102) : see declaration of 'XnVGesture::XnVGestureStartRecognizeSpecificEvent'
     1>c:\program files\prime sense\nite\include\xnvgesture.h(104): warning C4251: 'XnVGesture::m_RecognizeCBs' : class 'XnVGesture::XnVGestureRecognizeSpecificEvent' needs to have dll-interface to be used by clients of class 'XnVGesture'
                 c:\program files\prime sense\nite\include\xnvgesture.h(101) : see declaration of 'XnVGesture::XnVGestureRecognizeSpecificEvent'
     1>c:\program files\prime sense\nite\include\xnvflowrouter.h(64): warning C4251: 'XnVFlowRouter::m_Properties' : class 'XnStringsHash' needs to have dll-interface to be used by clients of class 'XnVFlowRouter'
                 c:\program files\openni\include\xnstringshash.h(120) : see declaration of 'XnStringsHash'
     1>c:\program files\prime sense\nite\include\xnvpointcontrol.h(281): warning C4251: 'XnVPointControl::m_PointCreateCBs' : class 'XnVPointControl::XnVHandPointContextSpecificEvent' needs to have dll-interface to be used by clients of class 'XnVPointControl'
                 c:\program files\prime sense\nite\include\xnvpointcontrol.h(275) : see declaration of 'XnVPointControl::XnVHandPointContextSpecificEvent'
     1>c:\program files\prime sense\nite\include\xnvpointcontrol.h(282): warning C4251: 'XnVPointControl::m_PointUpdateCBs' : class 'XnVPointControl::XnVHandPointContextSpecificEvent' needs to have dll-interface to be used by clients of class 'XnVPointControl'
                 c:\program files\prime sense\nite\include\xnvpointcontrol.h(275) : see declaration of 'XnVPointControl::XnVHandPointContextSpecificEvent'
     1>c:\program files\prime sense\nite\include\xnvpointcontrol.h(283): warning C4251: 'XnVPointControl::m_PointDestroyCBs' : class 'XnVUintSpecificEvent' needs to have dll-interface to be used by clients of class 'XnVPointControl'
                 c:\program files\prime sense\nite\include\xnvnitedefs.h(34) : see declaration of 'XnVUintSpecificEvent'
     1>c:\program files\prime sense\nite\include\xnvpointcontrol.h(285): warning C4251: 'XnVPointControl::m_PrimaryPointCreateCBs' : class 'XnVPointControl::XnVHandPointContextPointSpecificEvent' needs to have dll-interface to be used by clients of class 'XnVPointControl'
                 c:\program files\prime sense\nite\include\xnvpointcontrol.h(278) : see declaration of 'XnVPointControl::XnVHandPointContextPointSpecificEvent'
     1>c:\program files\prime sense\nite\include\xnvpointcontrol.h(286): warning C4251: 'XnVPointControl::m_PrimaryPointUpdateCBs' : class 'XnVPointControl::XnVHandPointContextSpecificEvent' needs to have dll-interface to be used by clients of class 'XnVPointControl'
                 c:\program files\prime sense\nite\include\xnvpointcontrol.h(275) : see declaration of 'XnVPointControl::XnVHandPointContextSpecificEvent'
     1>c:\program files\prime sense\nite\include\xnvpointcontrol.h(287): warning C4251: 'XnVPointControl::m_PrimaryPointReplaceCBs' : class 'XnVPointControl::XnVUintHandPointContextSpecificEvent' needs to have dll-interface to be used by clients of class 'XnVPointControl'
                 c:\program files\prime sense\nite\include\xnvpointcontrol.h(279) : see declaration of 'XnVPointControl::XnVUintHandPointContextSpecificEvent'
     1>c:\program files\prime sense\nite\include\xnvpointcontrol.h(288): warning C4251: 'XnVPointControl::m_PrimaryPointDestroyCBs' : class 'XnVUintSpecificEvent' needs to have dll-interface to be used by clients of class 'XnVPointControl'
                 c:\program files\prime sense\nite\include\xnvnitedefs.h(34) : see declaration of 'XnVUintSpecificEvent'
     1>c:\program files\prime sense\nite\include\xnvpointcontrol.h(290): warning C4251: 'XnVPointControl::m_NoPointsCBs' : class 'XnVEvent' needs to have dll-interface to be used by clients of class 'XnVPointControl'
                 c:\program files\prime sense\nite\include\xnvnitedefs.h(31) : see declaration of 'XnVEvent'
     1>c:\program files\prime sense\nite\include\xnvpointcontrol.h(292): warning C4251: 'XnVPointControl::m_HandsUpdateCBs' : class 'XnVPointControl::XnVMultipleHandsSpecificEvent' needs to have dll-interface to be used by clients of class 'XnVPointControl'
                 c:\program files\prime sense\nite\include\xnvpointcontrol.h(276) : see declaration of 'XnVPointControl::XnVMultipleHandsSpecificEvent'
     1>c:\program files\prime sense\nite\include\xnvpointarea.h(167): warning C4251: 'XnVPointArea::m_PointSilencedCBs' : class 'XnVUintSpecificEvent' needs to have dll-interface to be used by clients of class 'XnVPointArea'
                 c:\program files\prime sense\nite\include\xnvnitedefs.h(34) : see declaration of 'XnVUintSpecificEvent'
     1>c:\program files\prime sense\nite\include\xnvpointarea.h(167): warning C4251: 'XnVPointArea::m_PointRevivedCBs' : class 'XnVUintSpecificEvent' needs to have dll-interface to be used by clients of class 'XnVPointArea'
                 c:\program files\prime sense\nite\include\xnvnitedefs.h(34) : see declaration of 'XnVUintSpecificEvent'
     1>c:\program files\prime sense\nite\include\xnvpointarea.h(167): warning C4251: 'XnVPointArea::m_SilentPointRemovedCBs' : class 'XnVUintSpecificEvent' needs to have dll-interface to be used by clients of class 'XnVPointArea'
                 c:\program files\prime sense\nite\include\xnvnitedefs.h(34) : see declaration of 'XnVUintSpecificEvent'
     1>c:\program files\prime sense\nite\include\xnvmessagemux.h(79): warning C4251: 'XnVMessageMux::m_hTypes' : class 'XnStringsHash' needs to have dll-interface to be used by clients of class 'XnVMessageMux'
                 c:\program files\openni\include\xnstringshash.h(120) : see declaration of 'XnStringsHash'
     1>c:\program files\prime sense\nite\include\xnvmessagemux.h(81): warning C4251: 'XnVMessageMux::m_hCurrent' : class 'XnList' needs to have dll-interface to be used by clients of class 'XnVMessageMux'
                 c:\program files\openni\include\xnlist.h(45) : see declaration of 'XnList'
     1>c:\program files\prime sense\nite\include\xnvpointdenoiser.h(106): warning C4275: non dll-interface class 'XnHash' used as base for dll-interface class 'XnVPointDenoiser::XnVIntLocalHash'
                 c:\program files\openni\include\xnhash.h(72) : see declaration of 'XnHash'
                 c:\program files\prime sense\nite\include\xnvpointdenoiser.h(106) : see declaration of 'XnVPointDenoiser::XnVIntLocalHash'
     1>c:\program files\prime sense\nite\include\xnvpointdenoiser.h(106): warning C4275: non dll-interface class 'XnHash::ConstIterator' used as base for dll-interface class 'XnVPointDenoiser::XnVIntLocalHash::ConstIterator'
                 c:\program files\openni\include\xnhash.h(78) : see declaration of 'XnHash::ConstIterator'
                 c:\program files\prime sense\nite\include\xnvpointdenoiser.h(106) : see declaration of 'XnVPointDenoiser::XnVIntLocalHash::ConstIterator'
     1>c:\program files\prime sense\nite\include\xnvcircledetector.h(248): warning C4251: 'XnVCircleDetector::m_CircleCBs' : class 'XnVCircleDetector::XnVCircleSpecificEvent' needs to have dll-interface to be used by clients of class 'XnVCircleDetector'
                 c:\program files\prime sense\nite\include\xnvcircledetector.h(217) : see declaration of 'XnVCircleDetector::XnVCircleSpecificEvent'
     1>c:\program files\prime sense\nite\include\xnvcircledetector.h(249): warning C4251: 'XnVCircleDetector::m_NoCircleCBs' : class 'XnVCircleDetector::XnVNoCircleSpecificEvent' needs to have dll-interface to be used by clients of class 'XnVCircleDetector'
                 c:\program files\prime sense\nite\include\xnvcircledetector.h(216) : see declaration of 'XnVCircleDetector::XnVNoCircleSpecificEvent'
     1>c:\program files\prime sense\nite\include\xnvpushdetector.h(261): warning C4251: 'XnVPushDetector::m_PushCBs' : class 'XnVFloatFloatSpecificEvent' needs to have dll-interface to be used by clients of class 'XnVPushDetector'
                 c:\program files\prime sense\nite\include\xnvnitedefs.h(38) : see declaration of 'XnVFloatFloatSpecificEvent'
     1>c:\program files\prime sense\nite\include\xnvpushdetector.h(262): warning C4251: 'XnVPushDetector::m_StabilizedCBs' : class 'XnVFloatSpecificEvent' needs to have dll-interface to be used by clients of class 'XnVPushDetector'
                 c:\program files\prime sense\nite\include\xnvnitedefs.h(35) : see declaration of 'XnVFloatSpecificEvent'
     1>c:\program files\prime sense\nite\include\xnvsteadydetector.h(128): warning C4251: 'XnVSteadyDetector::m_SteadyCBs' : class 'XnVFloatSpecificEvent' needs to have dll-interface to be used by clients of class 'XnVSteadyDetector'
                 c:\program files\prime sense\nite\include\xnvnitedefs.h(35) : see declaration of 'XnVFloatSpecificEvent'
     1>c:\program files\prime sense\nite\include\xnvswipedetector.h(223): warning C4251: 'XnVSwipeDetector::m_SwipeDownCBs' : class 'XnVFloatFloatSpecificEvent' needs to have dll-interface to be used by clients of class 'XnVSwipeDetector'
                 c:\program files\prime sense\nite\include\xnvnitedefs.h(38) : see declaration of 'XnVFloatFloatSpecificEvent'
     1>c:\program files\prime sense\nite\include\xnvswipedetector.h(223): warning C4251: 'XnVSwipeDetector::m_SwipeUpCBs' : class 'XnVFloatFloatSpecificEvent' needs to have dll-interface to be used by clients of class 'XnVSwipeDetector'
                 c:\program files\prime sense\nite\include\xnvnitedefs.h(38) : see declaration of 'XnVFloatFloatSpecificEvent'
     1>c:\program files\prime sense\nite\include\xnvswipedetector.h(223): warning C4251: 'XnVSwipeDetector::m_SwipeLeftCBs' : class 'XnVFloatFloatSpecificEvent' needs to have dll-interface to be used by clients of class 'XnVSwipeDetector'
                 c:\program files\prime sense\nite\include\xnvnitedefs.h(38) : see declaration of 'XnVFloatFloatSpecificEvent'
     1>c:\program files\prime sense\nite\include\xnvswipedetector.h(223): warning C4251: 'XnVSwipeDetector::m_SwipeRightCBs' : class 'XnVFloatFloatSpecificEvent' needs to have dll-interface to be used by clients of class 'XnVSwipeDetector'
                 c:\program files\prime sense\nite\include\xnvnitedefs.h(38) : see declaration of 'XnVFloatFloatSpecificEvent'
     1>c:\program files\prime sense\nite\include\xnvswipedetector.h(225): warning C4251: 'XnVSwipeDetector::m_SwipeCBs' : class 'XnVSwipeDetector::XnVGeneralSwipeSpecificEvent' needs to have dll-interface to be used by clients of class 'XnVSwipeDetector'
                 c:\program files\prime sense\nite\include\xnvswipedetector.h(198) : see declaration of 'XnVSwipeDetector::XnVGeneralSwipeSpecificEvent'
     1>c:\program files\prime sense\nite\include\xnvwavedetector.h(93): warning C4251: 'XnVWaveDetector::m_WaveCBs' : class 'XnVEvent' needs to have dll-interface to be used by clients of class 'XnVWaveDetector'
                 c:\program files\prime sense\nite\include\xnvnitedefs.h(31) : see declaration of 'XnVEvent'
     1>c:\program files\prime sense\nite\include\xnvmultiitemhysteresis1d.h(143): warning C4251: 'XnVMultiItemHysteresis1D::m_ItemSelectCBs' : class 'XnVIntSpecificEvent' needs to have dll-interface to be used by clients of class 'XnVMultiItemHysteresis1D'
                 c:\program files\prime sense\nite\include\xnvnitedefs.h(33) : see declaration of 'XnVIntSpecificEvent'
     1>c:\program files\prime sense\nite\include\xnvslider1d.h(234): warning C4251: 'XnVSlider1D::m_ValueChangeCBs' : class 'XnVFloatSpecificEvent' needs to have dll-interface to be used by clients of class 'XnVSlider1D'
                 c:\program files\prime sense\nite\include\xnvnitedefs.h(35) : see declaration of 'XnVFloatSpecificEvent'
     1>c:\program files\prime sense\nite\include\xnvslider1d.h(235): warning C4251: 'XnVSlider1D::m_OffAxisMovementCBs' : class 'XnVDirectionSpecificEvent' needs to have dll-interface to be used by clients of class 'XnVSlider1D'
                 c:\program files\prime sense\nite\include\xnvnitedefs.h(36) : see declaration of 'XnVDirectionSpecificEvent'
     1>c:\program files\prime sense\nite\include\xnvselectableslider1d.h(335): warning C4251: 'XnVSelectableSlider1D::m_ItemHoverCBs' : class 'XnVIntSpecificEvent' needs to have dll-interface to be used by clients of class 'XnVSelectableSlider1D'
                 c:\program files\prime sense\nite\include\xnvnitedefs.h(33) : see declaration of 'XnVIntSpecificEvent'
     1>c:\program files\prime sense\nite\include\xnvselectableslider1d.h(336): warning C4251: 'XnVSelectableSlider1D::m_ItemSelectCBs' : class 'XnVIntDirectionSpecificEvent' needs to have dll-interface to be used by clients of class 'XnVSelectableSlider1D'
                 c:\program files\prime sense\nite\include\xnvnitedefs.h(41) : see declaration of 'XnVIntDirectionSpecificEvent'
     1>c:\program files\prime sense\nite\include\xnvselectableslider1d.h(337): warning C4251: 'XnVSelectableSlider1D::m_ScrollCBs' : class 'XnVFloatSpecificEvent' needs to have dll-interface to be used by clients of class 'XnVSelectableSlider1D'
                 c:\program files\prime sense\nite\include\xnvnitedefs.h(35) : see declaration of 'XnVFloatSpecificEvent'
     1>c:\program files\prime sense\nite\include\xnvselectableslider1d.h(337): warning C4251: 'XnVSelectableSlider1D::m_ValueChangeCBs' : class 'XnVFloatSpecificEvent' needs to have dll-interface to be used by clients of class 'XnVSelectableSlider1D'
                 c:\program files\prime sense\nite\include\xnvnitedefs.h(35) : see declaration of 'XnVFloatSpecificEvent'
     1>c:\program files\prime sense\nite\include\xnvselectableslider1d.h(338): warning C4251: 'XnVSelectableSlider1D::m_OffAxisMovementCBs' : class 'XnVDirectionSpecificEvent' needs to have dll-interface to be used by clients of class 'XnVSelectableSlider1D'
                 c:\program files\prime sense\nite\include\xnvnitedefs.h(36) : see declaration of 'XnVDirectionSpecificEvent'
     1>c:\program files\prime sense\nite\include\xnvslider2d.h(149): warning C4251: 'XnVSlider2D::m_ValueChangeCBs' : class 'XnVFloatFloatSpecificEvent' needs to have dll-interface to be used by clients of class 'XnVSlider2D'
                 c:\program files\prime sense\nite\include\xnvnitedefs.h(38) : see declaration of 'XnVFloatFloatSpecificEvent'
     1>c:\program files\prime sense\nite\include\xnvslider2d.h(150): warning C4251: 'XnVSlider2D::m_OffAxisMovementCBs' : class 'XnVDirectionSpecificEvent' needs to have dll-interface to be used by clients of class 'XnVSlider2D'
                 c:\program files\prime sense\nite\include\xnvnitedefs.h(36) : see declaration of 'XnVDirectionSpecificEvent'
     1>c:\program files\prime sense\nite\include\xnvmultiitemhysteresis2d.h(183): warning C4251: 'XnVMultiItemHysteresis2D::m_ItemSelectCBs' : class 'XnVIntIntSpecificEvent' needs to have dll-interface to be used by clients of class 'XnVMultiItemHysteresis2D'
                 c:\program files\prime sense\nite\include\xnvnitedefs.h(39) : see declaration of 'XnVIntIntSpecificEvent'
     1>c:\program files\prime sense\nite\include\xnvselectableslider2d.h(320): warning C4251: 'XnVSelectableSlider2D::m_ItemHoverCBs' : class 'XnVIntIntSpecificEvent' needs to have dll-interface to be used by clients of class 'XnVSelectableSlider2D'
                 c:\program files\prime sense\nite\include\xnvnitedefs.h(39) : see declaration of 'XnVIntIntSpecificEvent'
     1>c:\program files\prime sense\nite\include\xnvselectableslider2d.h(321): warning C4251: 'XnVSelectableSlider2D::m_ScrollCBs' : class 'XnVFloatFloatSpecificEvent' needs to have dll-interface to be used by clients of class 'XnVSelectableSlider2D'
                 c:\program files\prime sense\nite\include\xnvnitedefs.h(38) : see declaration of 'XnVFloatFloatSpecificEvent'
     1>c:\program files\prime sense\nite\include\xnvselectableslider2d.h(322): warning C4251: 'XnVSelectableSlider2D::m_ValueChangeCBs' : class 'XnVFloatFloatSpecificEvent' needs to have dll-interface to be used by clients of class 'XnVSelectableSlider2D'
                 c:\program files\prime sense\nite\include\xnvnitedefs.h(38) : see declaration of 'XnVFloatFloatSpecificEvent'
     1>c:\program files\prime sense\nite\include\xnvselectableslider2d.h(323): warning C4251: 'XnVSelectableSlider2D::m_ItemSelectCBs' : class 'XnVSelectableSlider2D::XnVItemSelectSpecificEvent' needs to have dll-interface to be used by clients of class 'XnVSelectableSlider2D'
                 c:\program files\prime sense\nite\include\xnvselectableslider2d.h(264) : see declaration of 'XnVSelectableSlider2D::XnVItemSelectSpecificEvent'
     1>c:\program files\prime sense\nite\include\xnvselectableslider2d.h(324): warning C4251: 'XnVSelectableSlider2D::m_OffAxisMovementCBs' : class 'XnVDirectionSpecificEvent' needs to have dll-interface to be used by clients of class 'XnVSelectableSlider2D'
                 c:\program files\prime sense\nite\include\xnvnitedefs.h(36) : see declaration of 'XnVDirectionSpecificEvent'
     1>c:\opencv2.2\include\opencv2\legacy\blobtrack.hpp(187): warning C4996: 'strcpy': This function or variable may be unsafe. Consider using strcpy_s instead. To disable deprecation, use _CRT_SECURE_NO_WARNINGS. See online help for details.
                 d:\program files\microsoft visual studio 10.0\vc\include\string.h(105) : see declaration of 'strcpy'
     1>c:\opencv2.2\include\opencv2\legacy\blobtrack.hpp(256): warning C4996: 'strcat': This function or variable may be unsafe. Consider using strcat_s instead. To disable deprecation, use _CRT_SECURE_NO_WARNINGS. See online help for details.
                 d:\program files\microsoft visual studio 10.0\vc\include\string.h(110) : see declaration of 'strcat'
     1>d:\visual studio 2010\projects\figure\figure\figure.cpp(339): warning C4018: '<' : signed/unsigned mismatch
     1>d:\visual studio 2010\projects\figure\figure\figure.cpp(502): warning C4101: 'pt1' : unreferenced local variable
     1>d:\visual studio 2010\projects\figure\figure\figure.cpp(1043): warning C4018: '<' : signed/unsigned mismatch
     1>d:\visual studio 2010\projects\figure\figure\figure.cpp(1055): warning C4018: '<' : signed/unsigned mismatch
         Generating Code...
     1>d:\visual studio 2010\projects\figure\figure\figure.cpp(1081): warning C4715: 'RGBDepView' : not all control paths return a value
       ManifestResourceCompile:
         All outputs are up-to-date.
       Link:
         d:\Program Files\Microsoft Visual Studio 10.0\VC\bin\link.exe /ERRORREPORT:PROMPT /OUT:"D:\visual studio 2010\Projects\Figure\Debug\Figure.exe" /INCREMENTAL /NOLOGO XnVNITE.lib openNI.lib glut32.lib opencv_core220d.lib opencv_highgui220d.lib opencv_imgproc220d.lib kernel32.lib user32.lib gdi32.lib winspool.lib comdlg32.lib advapi32.lib shell32.lib ole32.lib oleaut32.lib uuid.lib odbc32.lib odbccp32.lib /MANIFEST /ManifestFile:"Debug\Figure.exe.intermediate.manifest" /MANIFESTUAC:"level='asInvoker' uiAccess='false'" /DEBUG /PDB:"D:\visual studio 2010\Projects\Figure\Debug\Figure.pdb" /SUBSYSTEM:CONSOLE /TLBID:1 /DYNAMICBASE /NXCOMPAT /IMPLIB:"D:\visual studio 2010\Projects\Figure\Debug\Figure.lib" /MACHINE:X86 Debug\Figure.exe.embed.manifest.res
         Debug\Figure.obj
         Debug\MemTracker.obj
         Debug\PointDrawer.obj
         Debug\stdafx.obj
       Manifest:
         C:\Program Files\Microsoft SDKs\Windows\v7.0A\bin\mt.exe /nologo /verbose /out:"Debug\Figure.exe.embed.manifest" /manifest Debug\Figure.exe.intermediate.manifest
         All outputs are up-to-date.
       LinkEmbedManifest:
         All outputs are up-to-date.
         Figure.vcxproj -> D:\visual studio 2010\Projects\Figure\Debug\Figure.exe
       FinalizeBuildStatus:
         Deleting file "Debug\Figure.unsuccessfulbuild".
         Touching "Debug\Figure.lastbuildstate".
     1>Done Building Project "D:\visual studio 2010\Projects\Figure\Figure\Figure.vcxproj" (build target(s)).

Build succeeded.

Time Elapsed 00:00:05.53
